{"numFailedTestSuites":1,"numFailedTests":4,"numPassedTestSuites":0,"numPassedTests":2,"numPendingTestSuites":0,"numPendingTests":0,"numRuntimeErrorTestSuites":0,"numTodoTests":0,"numTotalTestSuites":1,"numTotalTests":6,"openHandles":[],"snapshot":{"added":0,"didUpdate":false,"failure":false,"filesAdded":0,"filesRemoved":0,"filesRemovedList":[],"filesUnmatched":0,"filesUpdated":0,"matched":0,"total":0,"unchecked":0,"uncheckedKeysByFile":[],"unmatched":0,"updated":0},"startTime":1746685343082,"success":false,"testResults":[{"assertionResults":[{"ancestorTitles":["Todo List Test Suite"],"duration":2,"failureDetails":[],"failureMessages":[],"fullName":"Todo List Test Suite should add a new todo","invocations":1,"location":null,"numPassingAsserts":2,"retryReasons":[],"status":"passed","title":"should add a new todo"},{"ancestorTitles":["Todo List Test Suite"],"duration":0,"failureDetails":[],"failureMessages":[],"fullName":"Todo List Test Suite should mark a todo as completed","invocations":1,"location":null,"numPassingAsserts":2,"retryReasons":[],"status":"passed","title":"should mark a todo as completed"},{"ancestorTitles":["Todo List Test Suite"],"duration":0,"failureDetails":[{}],"failureMessages":["ReferenceError: formattedDate is not defined\n    at Object.formattedDate [as overdue] (C:\\Users\\Kalpana Korni\\wd201\\todo-cli\\todo.js:11:19)\n    at Object.overdue (C:\\Users\\Kalpana Korni\\wd201\\todo-cli\\__tests__\\todo.js:33:28)\n    at Promise.then.completed (C:\\Users\\Kalpana Korni\\wd201\\todo-cli\\node_modules\\jest-circus\\build\\utils.js:298:28)\n    at new Promise (<anonymous>)\n    at callAsyncCircusFn (C:\\Users\\Kalpana Korni\\wd201\\todo-cli\\node_modules\\jest-circus\\build\\utils.js:231:10)\n    at _callCircusTest (C:\\Users\\Kalpana Korni\\wd201\\todo-cli\\node_modules\\jest-circus\\build\\run.js:316:40)\n    at _runTest (C:\\Users\\Kalpana Korni\\wd201\\todo-cli\\node_modules\\jest-circus\\build\\run.js:252:3)\n    at _runTestsForDescribeBlock (C:\\Users\\Kalpana Korni\\wd201\\todo-cli\\node_modules\\jest-circus\\build\\run.js:126:9)\n    at _runTestsForDescribeBlock (C:\\Users\\Kalpana Korni\\wd201\\todo-cli\\node_modules\\jest-circus\\build\\run.js:121:9)\n    at run (C:\\Users\\Kalpana Korni\\wd201\\todo-cli\\node_modules\\jest-circus\\build\\run.js:71:3)\n    at runAndTransformResultsToJestFormat (C:\\Users\\Kalpana Korni\\wd201\\todo-cli\\node_modules\\jest-circus\\build\\legacy-code-todo-rewrite\\jestAdapterInit.js:122:21)\n    at jestAdapter (C:\\Users\\Kalpana Korni\\wd201\\todo-cli\\node_modules\\jest-circus\\build\\legacy-code-todo-rewrite\\jestAdapter.js:79:19)\n    at runTestInternal (C:\\Users\\Kalpana Korni\\wd201\\todo-cli\\node_modules\\jest-runner\\build\\runTest.js:367:16)\n    at runTest (C:\\Users\\Kalpana Korni\\wd201\\todo-cli\\node_modules\\jest-runner\\build\\runTest.js:444:34)"],"fullName":"Todo List Test Suite should retrieve overdue items","invocations":1,"location":null,"numPassingAsserts":0,"retryReasons":[],"status":"failed","title":"should retrieve overdue items"},{"ancestorTitles":["Todo List Test Suite"],"duration":0,"failureDetails":[{}],"failureMessages":["ReferenceError: formattedDate is not defined\n    at Object.formattedDate [as dueToday] (C:\\Users\\Kalpana Korni\\wd201\\todo-cli\\todo.js:16:19)\n    at Object.dueToday (C:\\Users\\Kalpana Korni\\wd201\\todo-cli\\__tests__\\todo.js:39:28)\n    at Promise.then.completed (C:\\Users\\Kalpana Korni\\wd201\\todo-cli\\node_modules\\jest-circus\\build\\utils.js:298:28)\n    at new Promise (<anonymous>)\n    at callAsyncCircusFn (C:\\Users\\Kalpana Korni\\wd201\\todo-cli\\node_modules\\jest-circus\\build\\utils.js:231:10)\n    at _callCircusTest (C:\\Users\\Kalpana Korni\\wd201\\todo-cli\\node_modules\\jest-circus\\build\\run.js:316:40)\n    at _runTest (C:\\Users\\Kalpana Korni\\wd201\\todo-cli\\node_modules\\jest-circus\\build\\run.js:252:3)\n    at _runTestsForDescribeBlock (C:\\Users\\Kalpana Korni\\wd201\\todo-cli\\node_modules\\jest-circus\\build\\run.js:126:9)\n    at _runTestsForDescribeBlock (C:\\Users\\Kalpana Korni\\wd201\\todo-cli\\node_modules\\jest-circus\\build\\run.js:121:9)\n    at run (C:\\Users\\Kalpana Korni\\wd201\\todo-cli\\node_modules\\jest-circus\\build\\run.js:71:3)\n    at runAndTransformResultsToJestFormat (C:\\Users\\Kalpana Korni\\wd201\\todo-cli\\node_modules\\jest-circus\\build\\legacy-code-todo-rewrite\\jestAdapterInit.js:122:21)\n    at jestAdapter (C:\\Users\\Kalpana Korni\\wd201\\todo-cli\\node_modules\\jest-circus\\build\\legacy-code-todo-rewrite\\jestAdapter.js:79:19)\n    at runTestInternal (C:\\Users\\Kalpana Korni\\wd201\\todo-cli\\node_modules\\jest-runner\\build\\runTest.js:367:16)\n    at runTest (C:\\Users\\Kalpana Korni\\wd201\\todo-cli\\node_modules\\jest-runner\\build\\runTest.js:444:34)"],"fullName":"Todo List Test Suite should retrieve due today items","invocations":1,"location":null,"numPassingAsserts":0,"retryReasons":[],"status":"failed","title":"should retrieve due today items"},{"ancestorTitles":["Todo List Test Suite"],"duration":0,"failureDetails":[{}],"failureMessages":["ReferenceError: formattedDate is not defined\n    at Object.formattedDate [as dueLater] (C:\\Users\\Kalpana Korni\\wd201\\todo-cli\\todo.js:21:19)\n    at Object.dueLater (C:\\Users\\Kalpana Korni\\wd201\\todo-cli\\__tests__\\todo.js:47:28)\n    at Promise.then.completed (C:\\Users\\Kalpana Korni\\wd201\\todo-cli\\node_modules\\jest-circus\\build\\utils.js:298:28)\n    at new Promise (<anonymous>)\n    at callAsyncCircusFn (C:\\Users\\Kalpana Korni\\wd201\\todo-cli\\node_modules\\jest-circus\\build\\utils.js:231:10)\n    at _callCircusTest (C:\\Users\\Kalpana Korni\\wd201\\todo-cli\\node_modules\\jest-circus\\build\\run.js:316:40)\n    at _runTest (C:\\Users\\Kalpana Korni\\wd201\\todo-cli\\node_modules\\jest-circus\\build\\run.js:252:3)\n    at _runTestsForDescribeBlock (C:\\Users\\Kalpana Korni\\wd201\\todo-cli\\node_modules\\jest-circus\\build\\run.js:126:9)\n    at _runTestsForDescribeBlock (C:\\Users\\Kalpana Korni\\wd201\\todo-cli\\node_modules\\jest-circus\\build\\run.js:121:9)\n    at run (C:\\Users\\Kalpana Korni\\wd201\\todo-cli\\node_modules\\jest-circus\\build\\run.js:71:3)\n    at runAndTransformResultsToJestFormat (C:\\Users\\Kalpana Korni\\wd201\\todo-cli\\node_modules\\jest-circus\\build\\legacy-code-todo-rewrite\\jestAdapterInit.js:122:21)\n    at jestAdapter (C:\\Users\\Kalpana Korni\\wd201\\todo-cli\\node_modules\\jest-circus\\build\\legacy-code-todo-rewrite\\jestAdapter.js:79:19)\n    at runTestInternal (C:\\Users\\Kalpana Korni\\wd201\\todo-cli\\node_modules\\jest-runner\\build\\runTest.js:367:16)\n    at runTest (C:\\Users\\Kalpana Korni\\wd201\\todo-cli\\node_modules\\jest-runner\\build\\runTest.js:444:34)"],"fullName":"Todo List Test Suite should retrieve due later items","invocations":1,"location":null,"numPassingAsserts":0,"retryReasons":[],"status":"failed","title":"should retrieve due later items"},{"ancestorTitles":["Todo List Test Suite"],"duration":0,"failureDetails":[{}],"failureMessages":["ReferenceError: formattedDate is not defined\n    at Object.formattedDate [as dueToday] (C:\\Users\\Kalpana Korni\\wd201\\todo-cli\\todo.js:16:19)\n    at Object.dueToday (C:\\Users\\Kalpana Korni\\wd201\\todo-cli\\__tests__\\todo.js:53:24)\n    at Promise.then.completed (C:\\Users\\Kalpana Korni\\wd201\\todo-cli\\node_modules\\jest-circus\\build\\utils.js:298:28)\n    at new Promise (<anonymous>)\n    at callAsyncCircusFn (C:\\Users\\Kalpana Korni\\wd201\\todo-cli\\node_modules\\jest-circus\\build\\utils.js:231:10)\n    at _callCircusTest (C:\\Users\\Kalpana Korni\\wd201\\todo-cli\\node_modules\\jest-circus\\build\\run.js:316:40)\n    at _runTest (C:\\Users\\Kalpana Korni\\wd201\\todo-cli\\node_modules\\jest-circus\\build\\run.js:252:3)\n    at _runTestsForDescribeBlock (C:\\Users\\Kalpana Korni\\wd201\\todo-cli\\node_modules\\jest-circus\\build\\run.js:126:9)\n    at _runTestsForDescribeBlock (C:\\Users\\Kalpana Korni\\wd201\\todo-cli\\node_modules\\jest-circus\\build\\run.js:121:9)\n    at run (C:\\Users\\Kalpana Korni\\wd201\\todo-cli\\node_modules\\jest-circus\\build\\run.js:71:3)\n    at runAndTransformResultsToJestFormat (C:\\Users\\Kalpana Korni\\wd201\\todo-cli\\node_modules\\jest-circus\\build\\legacy-code-todo-rewrite\\jestAdapterInit.js:122:21)\n    at jestAdapter (C:\\Users\\Kalpana Korni\\wd201\\todo-cli\\node_modules\\jest-circus\\build\\legacy-code-todo-rewrite\\jestAdapter.js:79:19)\n    at runTestInternal (C:\\Users\\Kalpana Korni\\wd201\\todo-cli\\node_modules\\jest-runner\\build\\runTest.js:367:16)\n    at runTest (C:\\Users\\Kalpana Korni\\wd201\\todo-cli\\node_modules\\jest-runner\\build\\runTest.js:444:34)"],"fullName":"Todo List Test Suite should format displayable list correctly","invocations":1,"location":null,"numPassingAsserts":0,"retryReasons":[],"status":"failed","title":"should format displayable list correctly"}],"endTime":1746685343462,"message":"\u001b[1m\u001b[31m  \u001b[1m● \u001b[22m\u001b[1mTodo List Test Suite › should retrieve overdue items\u001b[39m\u001b[22m\n\n    ReferenceError: formattedDate is not defined\n\u001b[2m\u001b[22m\n\u001b[2m    \u001b[0m \u001b[90m  9 |\u001b[39m\u001b[22m\n\u001b[2m     \u001b[90m 10 |\u001b[39m   \u001b[36mconst\u001b[39m overdue \u001b[33m=\u001b[39m () \u001b[33m=>\u001b[39m {\u001b[22m\n\u001b[2m    \u001b[31m\u001b[1m>\u001b[22m\u001b[2m\u001b[39m\u001b[90m 11 |\u001b[39m     \u001b[36mconst\u001b[39m today \u001b[33m=\u001b[39m formattedDate(\u001b[36mnew\u001b[39m \u001b[33mDate\u001b[39m())\u001b[33m;\u001b[39m\u001b[22m\n\u001b[2m     \u001b[90m    |\u001b[39m                   \u001b[31m\u001b[1m^\u001b[22m\u001b[2m\u001b[39m\u001b[22m\n\u001b[2m     \u001b[90m 12 |\u001b[39m     \u001b[36mreturn\u001b[39m all\u001b[33m.\u001b[39mfilter((item) \u001b[33m=>\u001b[39m item\u001b[33m.\u001b[39mdueDate \u001b[33m<\u001b[39m today)\u001b[33m;\u001b[39m\u001b[22m\n\u001b[2m     \u001b[90m 13 |\u001b[39m   }\u001b[33m;\u001b[39m\u001b[22m\n\u001b[2m     \u001b[90m 14 |\u001b[39m\u001b[0m\u001b[22m\n\u001b[2m\u001b[22m\n\u001b[2m      \u001b[2mat Object.formattedDate [as overdue] (\u001b[22m\u001b[2mtodo.js\u001b[2m:11:19)\u001b[22m\u001b[2m\u001b[22m\n\u001b[2m      \u001b[2mat Object.overdue (\u001b[22m\u001b[2m\u001b[0m\u001b[36m__tests__/todo.js\u001b[39m\u001b[0m\u001b[2m:33:28)\u001b[22m\u001b[2m\u001b[22m\n\n\u001b[1m\u001b[31m  \u001b[1m● \u001b[22m\u001b[1mTodo List Test Suite › should retrieve due today items\u001b[39m\u001b[22m\n\n    ReferenceError: formattedDate is not defined\n\u001b[2m\u001b[22m\n\u001b[2m    \u001b[0m \u001b[90m 14 |\u001b[39m\u001b[22m\n\u001b[2m     \u001b[90m 15 |\u001b[39m   \u001b[36mconst\u001b[39m dueToday \u001b[33m=\u001b[39m () \u001b[33m=>\u001b[39m {\u001b[22m\n\u001b[2m    \u001b[31m\u001b[1m>\u001b[22m\u001b[2m\u001b[39m\u001b[90m 16 |\u001b[39m     \u001b[36mconst\u001b[39m today \u001b[33m=\u001b[39m formattedDate(\u001b[36mnew\u001b[39m \u001b[33mDate\u001b[39m())\u001b[33m;\u001b[39m\u001b[22m\n\u001b[2m     \u001b[90m    |\u001b[39m                   \u001b[31m\u001b[1m^\u001b[22m\u001b[2m\u001b[39m\u001b[22m\n\u001b[2m     \u001b[90m 17 |\u001b[39m     \u001b[36mreturn\u001b[39m all\u001b[33m.\u001b[39mfilter((item) \u001b[33m=>\u001b[39m item\u001b[33m.\u001b[39mdueDate \u001b[33m===\u001b[39m today)\u001b[33m;\u001b[39m\u001b[22m\n\u001b[2m     \u001b[90m 18 |\u001b[39m   }\u001b[33m;\u001b[39m\u001b[22m\n\u001b[2m     \u001b[90m 19 |\u001b[39m\u001b[0m\u001b[22m\n\u001b[2m\u001b[22m\n\u001b[2m      \u001b[2mat Object.formattedDate [as dueToday] (\u001b[22m\u001b[2mtodo.js\u001b[2m:16:19)\u001b[22m\u001b[2m\u001b[22m\n\u001b[2m      \u001b[2mat Object.dueToday (\u001b[22m\u001b[2m\u001b[0m\u001b[36m__tests__/todo.js\u001b[39m\u001b[0m\u001b[2m:39:28)\u001b[22m\u001b[2m\u001b[22m\n\n\u001b[1m\u001b[31m  \u001b[1m● \u001b[22m\u001b[1mTodo List Test Suite › should retrieve due later items\u001b[39m\u001b[22m\n\n    ReferenceError: formattedDate is not defined\n\u001b[2m\u001b[22m\n\u001b[2m    \u001b[0m \u001b[90m 19 |\u001b[39m\u001b[22m\n\u001b[2m     \u001b[90m 20 |\u001b[39m   \u001b[36mconst\u001b[39m dueLater \u001b[33m=\u001b[39m () \u001b[33m=>\u001b[39m {\u001b[22m\n\u001b[2m    \u001b[31m\u001b[1m>\u001b[22m\u001b[2m\u001b[39m\u001b[90m 21 |\u001b[39m     \u001b[36mconst\u001b[39m today \u001b[33m=\u001b[39m formattedDate(\u001b[36mnew\u001b[39m \u001b[33mDate\u001b[39m())\u001b[33m;\u001b[39m\u001b[22m\n\u001b[2m     \u001b[90m    |\u001b[39m                   \u001b[31m\u001b[1m^\u001b[22m\u001b[2m\u001b[39m\u001b[22m\n\u001b[2m     \u001b[90m 22 |\u001b[39m     \u001b[36mreturn\u001b[39m all\u001b[33m.\u001b[39mfilter((item) \u001b[33m=>\u001b[39m item\u001b[33m.\u001b[39mdueDate \u001b[33m>\u001b[39m today)\u001b[33m;\u001b[39m\u001b[22m\n\u001b[2m     \u001b[90m 23 |\u001b[39m   }\u001b[33m;\u001b[39m\u001b[22m\n\u001b[2m     \u001b[90m 24 |\u001b[39m\u001b[0m\u001b[22m\n\u001b[2m\u001b[22m\n\u001b[2m      \u001b[2mat Object.formattedDate [as dueLater] (\u001b[22m\u001b[2mtodo.js\u001b[2m:21:19)\u001b[22m\u001b[2m\u001b[22m\n\u001b[2m      \u001b[2mat Object.dueLater (\u001b[22m\u001b[2m\u001b[0m\u001b[36m__tests__/todo.js\u001b[39m\u001b[0m\u001b[2m:47:28)\u001b[22m\u001b[2m\u001b[22m\n\n\u001b[1m\u001b[31m  \u001b[1m● \u001b[22m\u001b[1mTodo List Test Suite › should format displayable list correctly\u001b[39m\u001b[22m\n\n    ReferenceError: formattedDate is not defined\n\u001b[2m\u001b[22m\n\u001b[2m    \u001b[0m \u001b[90m 14 |\u001b[39m\u001b[22m\n\u001b[2m     \u001b[90m 15 |\u001b[39m   \u001b[36mconst\u001b[39m dueToday \u001b[33m=\u001b[39m () \u001b[33m=>\u001b[39m {\u001b[22m\n\u001b[2m    \u001b[31m\u001b[1m>\u001b[22m\u001b[2m\u001b[39m\u001b[90m 16 |\u001b[39m     \u001b[36mconst\u001b[39m today \u001b[33m=\u001b[39m formattedDate(\u001b[36mnew\u001b[39m \u001b[33mDate\u001b[39m())\u001b[33m;\u001b[39m\u001b[22m\n\u001b[2m     \u001b[90m    |\u001b[39m                   \u001b[31m\u001b[1m^\u001b[22m\u001b[2m\u001b[39m\u001b[22m\n\u001b[2m     \u001b[90m 17 |\u001b[39m     \u001b[36mreturn\u001b[39m all\u001b[33m.\u001b[39mfilter((item) \u001b[33m=>\u001b[39m item\u001b[33m.\u001b[39mdueDate \u001b[33m===\u001b[39m today)\u001b[33m;\u001b[39m\u001b[22m\n\u001b[2m     \u001b[90m 18 |\u001b[39m   }\u001b[33m;\u001b[39m\u001b[22m\n\u001b[2m     \u001b[90m 19 |\u001b[39m\u001b[0m\u001b[22m\n\u001b[2m\u001b[22m\n\u001b[2m      \u001b[2mat Object.formattedDate [as dueToday] (\u001b[22m\u001b[2mtodo.js\u001b[2m:16:19)\u001b[22m\u001b[2m\u001b[22m\n\u001b[2m      \u001b[2mat Object.dueToday (\u001b[22m\u001b[2m\u001b[0m\u001b[36m__tests__/todo.js\u001b[39m\u001b[0m\u001b[2m:53:24)\u001b[22m\u001b[2m\u001b[22m\n","name":"C:\\Users\\Kalpana Korni\\wd201\\todo-cli\\__tests__\\todo.js","startTime":1746685343126,"status":"failed","summary":""}],"wasInterrupted":false}
